--- Starting Classroom Teardown for etc/samples/classroom/with_apps.yaml in iac/terraform/sandmold/1a_classroom_setup ---
--> Preparing Terraform variables...

[0m[1mInitializing the backend...[0m
[0m[1mInitializing modules...[0m

[0m[1mInitializing provider plugins...[0m
- Reusing previous version of hashicorp/random from the dependency lock file
- Reusing previous version of hashicorp/google from the dependency lock file
- Using previously-installed hashicorp/random v3.7.2
- Using previously-installed hashicorp/google v6.43.0

[0m[1m[32mTerraform has been successfully initialized![0m[32m[0m
[0m[32m
You may now begin working with Terraform. Try running "terraform plan" to see
any changes that are required for your infrastructure. All Terraform commands
should now work.

If you ever set or change modules or backend configuration for Terraform,
rerun this command to reinitialize your working directory. If you forget, other
commands will detect it and remind you to do so if necessary.[0m
[0m[32mSwitched to workspace "class-with-apps-v2".[0m
[0m[1mgoogle_folder.classroom: Refreshing state... [id=folders/342672642475][0m
[0m[1mgoogle_folder_iam_member.teacher_permissions["user:ricc@google.com"]: Refreshing state... [id=folders/342672642475/roles/owner/user:ricc@google.com][0m
[0m[1mgoogle_folder_iam_member.teacher_permissions["user:leoy@google.com"]: Refreshing state... [id=folders/342672642475/roles/owner/user:leoy@google.com][0m
[0m[1mmodule.project["val-tch-cattedra"].random_string.suffix: Refreshing state... [id=568n][0m
[0m[1mmodule.project["val-std-foobar01-good"].random_string.suffix: Refreshing state... [id=q2mx][0m
[0m[1mmodule.project["val-std-foobar03-fail"].random_string.suffix: Refreshing state... [id=r7rb][0m

Terraform used the selected providers to generate the following execution
plan. Resource actions are indicated with the following symbols:
  [31m-[0m destroy[0m

Terraform will perform the following actions:

[1m  # google_folder.classroom[0m will be [1m[31mdestroyed[0m
[0m  [31m-[0m[0m resource "google_folder" "classroom" {
      [31m-[0m[0m create_time         = "2025-09-08T14:16:24.610Z" [90m-> null[0m[0m
      [31m-[0m[0m deletion_protection = false [90m-> null[0m[0m
      [31m-[0m[0m display_name        = "val-class-with-apps-v2" [90m-> null[0m[0m
      [31m-[0m[0m folder_id           = "342672642475" [90m-> null[0m[0m
      [31m-[0m[0m id                  = "folders/342672642475" [90m-> null[0m[0m
      [31m-[0m[0m lifecycle_state     = "ACTIVE" [90m-> null[0m[0m
      [31m-[0m[0m name                = "folders/342672642475" [90m-> null[0m[0m
      [31m-[0m[0m parent              = "folders/194703823593" [90m-> null[0m[0m
    }

[1m  # google_folder_iam_member.teacher_permissions["user:leoy@google.com"][0m will be [1m[31mdestroyed[0m
[0m  [31m-[0m[0m resource "google_folder_iam_member" "teacher_permissions" {
      [31m-[0m[0m etag   = "BwY+StZ3H50=" [90m-> null[0m[0m
      [31m-[0m[0m folder = "342672642475" [90m-> null[0m[0m
      [31m-[0m[0m id     = "folders/342672642475/roles/owner/user:leoy@google.com" [90m-> null[0m[0m
      [31m-[0m[0m member = "user:leoy@google.com" [90m-> null[0m[0m
      [31m-[0m[0m role   = "roles/owner" [90m-> null[0m[0m
    }

[1m  # google_folder_iam_member.teacher_permissions["user:ricc@google.com"][0m will be [1m[31mdestroyed[0m
[0m  [31m-[0m[0m resource "google_folder_iam_member" "teacher_permissions" {
      [31m-[0m[0m etag   = "BwY+StZ3H50=" [90m-> null[0m[0m
      [31m-[0m[0m folder = "342672642475" [90m-> null[0m[0m
      [31m-[0m[0m id     = "folders/342672642475/roles/owner/user:ricc@google.com" [90m-> null[0m[0m
      [31m-[0m[0m member = "user:ricc@google.com" [90m-> null[0m[0m
      [31m-[0m[0m role   = "roles/owner" [90m-> null[0m[0m
    }

[1m  # module.project["val-std-foobar01-good"].random_string.suffix[0m will be [1m[31mdestroyed[0m
[0m  [31m-[0m[0m resource "random_string" "suffix" {
      [31m-[0m[0m id          = "q2mx" [90m-> null[0m[0m
      [31m-[0m[0m length      = 4 [90m-> null[0m[0m
      [31m-[0m[0m lower       = true [90m-> null[0m[0m
      [31m-[0m[0m min_lower   = 0 [90m-> null[0m[0m
      [31m-[0m[0m min_numeric = 0 [90m-> null[0m[0m
      [31m-[0m[0m min_special = 0 [90m-> null[0m[0m
      [31m-[0m[0m min_upper   = 0 [90m-> null[0m[0m
      [31m-[0m[0m number      = true [90m-> null[0m[0m
      [31m-[0m[0m numeric     = true [90m-> null[0m[0m
      [31m-[0m[0m result      = "q2mx" [90m-> null[0m[0m
      [31m-[0m[0m special     = false [90m-> null[0m[0m
      [31m-[0m[0m upper       = false [90m-> null[0m[0m
    }

[1m  # module.project["val-std-foobar03-fail"].random_string.suffix[0m will be [1m[31mdestroyed[0m
[0m  [31m-[0m[0m resource "random_string" "suffix" {
      [31m-[0m[0m id          = "r7rb" [90m-> null[0m[0m
      [31m-[0m[0m length      = 4 [90m-> null[0m[0m
      [31m-[0m[0m lower       = true [90m-> null[0m[0m
      [31m-[0m[0m min_lower   = 0 [90m-> null[0m[0m
      [31m-[0m[0m min_numeric = 0 [90m-> null[0m[0m
      [31m-[0m[0m min_special = 0 [90m-> null[0m[0m
      [31m-[0m[0m min_upper   = 0 [90m-> null[0m[0m
      [31m-[0m[0m number      = true [90m-> null[0m[0m
      [31m-[0m[0m numeric     = true [90m-> null[0m[0m
      [31m-[0m[0m result      = "r7rb" [90m-> null[0m[0m
      [31m-[0m[0m special     = false [90m-> null[0m[0m
      [31m-[0m[0m upper       = false [90m-> null[0m[0m
    }

[1m  # module.project["val-tch-cattedra"].random_string.suffix[0m will be [1m[31mdestroyed[0m
[0m  [31m-[0m[0m resource "random_string" "suffix" {
      [31m-[0m[0m id          = "568n" [90m-> null[0m[0m
      [31m-[0m[0m length      = 4 [90m-> null[0m[0m
      [31m-[0m[0m lower       = true [90m-> null[0m[0m
      [31m-[0m[0m min_lower   = 0 [90m-> null[0m[0m
      [31m-[0m[0m min_numeric = 0 [90m-> null[0m[0m
      [31m-[0m[0m min_special = 0 [90m-> null[0m[0m
      [31m-[0m[0m min_upper   = 0 [90m-> null[0m[0m
      [31m-[0m[0m number      = true [90m-> null[0m[0m
      [31m-[0m[0m numeric     = true [90m-> null[0m[0m
      [31m-[0m[0m result      = "568n" [90m-> null[0m[0m
      [31m-[0m[0m special     = false [90m-> null[0m[0m
      [31m-[0m[0m upper       = false [90m-> null[0m[0m
    }

[1mPlan:[0m 0 to add, 0 to change, 6 to destroy.
[0m
Changes to Outputs:
  [31m-[0m[0m folder_id = "342672642475" [90m-> null[0m[0m
[0m[1mmodule.project["val-tch-cattedra"].random_string.suffix: Destroying... [id=568n][0m[0m
[0m[1mmodule.project["val-std-foobar03-fail"].random_string.suffix: Destroying... [id=r7rb][0m[0m
[0m[1mmodule.project["val-std-foobar01-good"].random_string.suffix: Destroying... [id=q2mx][0m[0m
[0m[1mmodule.project["val-tch-cattedra"].random_string.suffix: Destruction complete after 0s[0m
[0m[1mmodule.project["val-std-foobar01-good"].random_string.suffix: Destruction complete after 0s[0m
[0m[1mmodule.project["val-std-foobar03-fail"].random_string.suffix: Destruction complete after 0s[0m
[0m[1mgoogle_folder_iam_member.teacher_permissions["user:leoy@google.com"]: Destroying... [id=folders/342672642475/roles/owner/user:leoy@google.com][0m[0m
[0m[1mgoogle_folder_iam_member.teacher_permissions["user:ricc@google.com"]: Destroying... [id=folders/342672642475/roles/owner/user:ricc@google.com][0m[0m
[0m[1mgoogle_folder_iam_member.teacher_permissions["user:ricc@google.com"]: Destruction complete after 8s[0m
[0m[1mgoogle_folder_iam_member.teacher_permissions["user:leoy@google.com"]: Still destroying... [id=folders/342672642475/roles/owner/user:leoy@google.com, 10s elapsed][0m[0m
[0m[1mgoogle_folder_iam_member.teacher_permissions["user:leoy@google.com"]: Destruction complete after 15s[0m
[0m[1mgoogle_folder.classroom: Destroying... [id=folders/342672642475][0m[0m
[0m[1mgoogle_folder.classroom: Destruction complete after 1s[0m
[0m[1m[32m
Destroy complete! Resources: 6 destroyed.
[0m--> Generating teardown report...
--- Classroom Teardown Complete ---
See iac/terraform/sandmold/1a_classroom_setup/workspaces/class-with-apps-v2/REPORT.md for details.
